This is pdfTeX, Version 3.1415926-2.4-1.40.13 (MiKTeX 2.9) (preloaded format=pdflatex 2013.1.11)  18 JAN 2013 01:14
entering extended mode
**C:/Users/wsmith/Desktop/GroupD_Phase2Report_final/HolyGrail.tex
(C:/Users/wsmith/Desktop/GroupD_Phase2Report_final/HolyGrail.tex
LaTeX2e <2011/06/27>
Babel <v3.8m> and hyphenation patterns for english, afrikaans, ancientgreek, ar
abic, armenian, assamese, basque, bengali, bokmal, bulgarian, catalan, coptic, 
croatian, czech, danish, dutch, esperanto, estonian, farsi, finnish, french, ga
lician, german, german-x-2012-05-30, greek, gujarati, hindi, hungarian, iceland
ic, indonesian, interlingua, irish, italian, kannada, kurmanji, latin, latvian,
 lithuanian, malayalam, marathi, mongolian, mongolianlmc, monogreek, ngerman, n
german-x-2012-05-30, nynorsk, oriya, panjabi, pinyin, polish, portuguese, roman
ian, russian, sanskrit, serbian, slovak, slovenian, spanish, swedish, swissgerm
an, tamil, telugu, turkish, turkmen, ukenglish, ukrainian, uppersorbian, usengl
ishmax, welsh, loaded.
("C:\Program Files (x86)\MiKTeX 2.9\tex\latex\base\report.cls"
Document Class: report 2007/10/19 v1.4h Standard LaTeX document class
("C:\Program Files (x86)\MiKTeX 2.9\tex\latex\base\size12.clo"
File: size12.clo 2007/10/19 v1.4h Standard LaTeX file (size option)
)
\c@part=\count79
\c@chapter=\count80
\c@section=\count81
\c@subsection=\count82
\c@subsubsection=\count83
\c@paragraph=\count84
\c@subparagraph=\count85
\c@figure=\count86
\c@table=\count87
\abovecaptionskip=\skip41
\belowcaptionskip=\skip42
\bibindent=\dimen102
)
("C:\Program Files (x86)\MiKTeX 2.9\tex\latex\geometry\geometry.sty"
Package: geometry 2010/09/12 v5.6 Page Geometry

("C:\Program Files (x86)\MiKTeX 2.9\tex\latex\graphics\keyval.sty"
Package: keyval 1999/03/16 v1.13 key=value parser (DPC)
\KV@toks@=\toks14
)
("C:\Program Files (x86)\MiKTeX 2.9\tex\generic\oberdiek\ifpdf.sty"
Package: ifpdf 2011/01/30 v2.3 Provides the ifpdf switch (HO)
Package ifpdf Info: pdfTeX in PDF mode is detected.
)
("C:\Program Files (x86)\MiKTeX 2.9\tex\generic\oberdiek\ifvtex.sty"
Package: ifvtex 2010/03/01 v1.5 Detect VTeX and its facilities (HO)
Package ifvtex Info: VTeX not detected.
)
("C:\Program Files (x86)\MiKTeX 2.9\tex\generic\ifxetex\ifxetex.sty"
Package: ifxetex 2010/09/12 v0.6 Provides ifxetex conditional
)
\Gm@cnth=\count88
\Gm@cntv=\count89
\c@Gm@tempcnt=\count90
\Gm@bindingoffset=\dimen103
\Gm@wd@mp=\dimen104
\Gm@odd@mp=\dimen105
\Gm@even@mp=\dimen106
\Gm@layoutwidth=\dimen107
\Gm@layoutheight=\dimen108
\Gm@layouthoffset=\dimen109
\Gm@layoutvoffset=\dimen110
\Gm@dimlist=\toks15

("C:\Program Files (x86)\MiKTeX 2.9\tex\latex\geometry\geometry.cfg"))
("C:\Program Files (x86)\MiKTeX 2.9\tex\latex\graphics\graphicx.sty"
Package: graphicx 1999/02/16 v1.0f Enhanced LaTeX Graphics (DPC,SPQR)

("C:\Program Files (x86)\MiKTeX 2.9\tex\latex\graphics\graphics.sty"
Package: graphics 2009/02/05 v1.0o Standard LaTeX Graphics (DPC,SPQR)

("C:\Program Files (x86)\MiKTeX 2.9\tex\latex\graphics\trig.sty"
Package: trig 1999/03/16 v1.09 sin cos tan (DPC)
)
("C:\Program Files (x86)\MiKTeX 2.9\tex\latex\00miktex\graphics.cfg"
File: graphics.cfg 2007/01/18 v1.5 graphics configuration of teTeX/TeXLive
)
Package graphics Info: Driver file: pdftex.def on input line 91.

("C:\Program Files (x86)\MiKTeX 2.9\tex\latex\pdftex-def\pdftex.def"
File: pdftex.def 2011/05/27 v0.06d Graphics/color for pdfTeX

("C:\Program Files (x86)\MiKTeX 2.9\tex\generic\oberdiek\infwarerr.sty"
Package: infwarerr 2010/04/08 v1.3 Providing info/warning/error messages (HO)
)
("C:\Program Files (x86)\MiKTeX 2.9\tex\generic\oberdiek\ltxcmds.sty"
Package: ltxcmds 2011/11/09 v1.22 LaTeX kernel commands for general use (HO)
)
\Gread@gobject=\count91
))
\Gin@req@height=\dimen111
\Gin@req@width=\dimen112
)
("C:\Program Files (x86)\MiKTeX 2.9\tex\latex\tools\enumerate.sty"
Package: enumerate 1999/03/05 v3.00 enumerate extensions (DPC)
\@enLab=\toks16
)
("C:\Program Files (x86)\MiKTeX 2.9\tex\latex\ams\math\amsmath.sty"
Package: amsmath 2000/07/18 v2.13 AMS math features
\@mathmargin=\skip43

For additional information on amsmath, use the `?' option.
("C:\Program Files (x86)\MiKTeX 2.9\tex\latex\ams\math\amstext.sty"
Package: amstext 2000/06/29 v2.01

("C:\Program Files (x86)\MiKTeX 2.9\tex\latex\ams\math\amsgen.sty"
File: amsgen.sty 1999/11/30 v2.0
\@emptytoks=\toks17
\ex@=\dimen113
))
("C:\Program Files (x86)\MiKTeX 2.9\tex\latex\ams\math\amsbsy.sty"
Package: amsbsy 1999/11/29 v1.2d
\pmbraise@=\dimen114
)
("C:\Program Files (x86)\MiKTeX 2.9\tex\latex\ams\math\amsopn.sty"
Package: amsopn 1999/12/14 v2.01 operator names
)
\inf@bad=\count92
LaTeX Info: Redefining \frac on input line 211.
\uproot@=\count93
\leftroot@=\count94
LaTeX Info: Redefining \overline on input line 307.
\classnum@=\count95
\DOTSCASE@=\count96
LaTeX Info: Redefining \ldots on input line 379.
LaTeX Info: Redefining \dots on input line 382.
LaTeX Info: Redefining \cdots on input line 467.
\Mathstrutbox@=\box26
\strutbox@=\box27
\big@size=\dimen115
LaTeX Font Info:    Redeclaring font encoding OML on input line 567.
LaTeX Font Info:    Redeclaring font encoding OMS on input line 568.
\macc@depth=\count97
\c@MaxMatrixCols=\count98
\dotsspace@=\muskip10
\c@parentequation=\count99
\dspbrk@lvl=\count100
\tag@help=\toks18
\row@=\count101
\column@=\count102
\maxfields@=\count103
\andhelp@=\toks19
\eqnshift@=\dimen116
\alignsep@=\dimen117
\tagshift@=\dimen118
\tagwidth@=\dimen119
\totwidth@=\dimen120
\lineht@=\dimen121
\@envbody=\toks20
\multlinegap=\skip44
\multlinetaggap=\skip45
\mathdisplay@stack=\toks21
LaTeX Info: Redefining \[ on input line 2666.
LaTeX Info: Redefining \] on input line 2667.
)
("C:\Program Files (x86)\MiKTeX 2.9\tex\latex\tools\verbatim.sty"
Package: verbatim 2003/08/22 v1.5q LaTeX2e package for verbatim enhancements
\every@verbatim=\toks22
\verbatim@line=\toks23
\verbatim@in@stream=\read1
)
("C:\Program Files (x86)\MiKTeX 2.9\tex\latex\fancyhdr\fancyhdr.sty"
\fancy@headwidth=\skip46
\f@ncyO@elh=\skip47
\f@ncyO@erh=\skip48
\f@ncyO@olh=\skip49
\f@ncyO@orh=\skip50
\f@ncyO@elf=\skip51
\f@ncyO@erf=\skip52
\f@ncyO@olf=\skip53
\f@ncyO@orf=\skip54
)
("C:\Program Files (x86)\MiKTeX 2.9\tex\latex\base\fixltx2e.sty"
Package: fixltx2e 2006/09/13 v1.1m fixes to LaTeX
LaTeX Info: Redefining \em on input line 420.
LaTeX Info: The control sequence `\[' is already robust on input line 471.
LaTeX Info: The control sequence `\]' is already robust on input line 472.
)
(C:\Users\wsmith\Desktop\GroupD_Phase2Report_final\HolyGrail.aux)
LaTeX Font Info:    Checking defaults for OML/cmm/m/it on input line 23.
LaTeX Font Info:    ... okay on input line 23.
LaTeX Font Info:    Checking defaults for T1/cmr/m/n on input line 23.
LaTeX Font Info:    ... okay on input line 23.
LaTeX Font Info:    Checking defaults for OT1/cmr/m/n on input line 23.
LaTeX Font Info:    ... okay on input line 23.
LaTeX Font Info:    Checking defaults for OMS/cmsy/m/n on input line 23.
LaTeX Font Info:    ... okay on input line 23.
LaTeX Font Info:    Checking defaults for OMX/cmex/m/n on input line 23.
LaTeX Font Info:    ... okay on input line 23.
LaTeX Font Info:    Checking defaults for U/cmr/m/n on input line 23.
LaTeX Font Info:    ... okay on input line 23.

*geometry* driver: auto-detecting
*geometry* detected driver: pdftex
*geometry* verbose mode - [ preamble ] result:
* driver: pdftex
* paper: a4paper
* layout: <same size as paper>
* layoutoffset:(h,v)=(0.0pt,0.0pt)
* modes: 
* h-part:(L,W,R)=(72.2698pt, 452.96826pt, 72.2698pt)
* v-part:(T,H,B)=(72.2698pt, 700.50723pt, 72.2698pt)
* \paperwidth=597.50787pt
* \paperheight=845.04684pt
* \textwidth=452.96826pt
* \textheight=700.50723pt
* \oddsidemargin=-0.00018pt
* \evensidemargin=-0.00018pt
* \topmargin=-37.00018pt
* \headheight=12.0pt
* \headsep=25.0pt
* \topskip=12.0pt
* \footskip=30.0pt
* \marginparwidth=35.0pt
* \marginparsep=10.0pt
* \columnsep=10.0pt
* \skip\footins=10.8pt plus 4.0pt minus 2.0pt
* \hoffset=0.0pt
* \voffset=0.0pt
* \mag=1000
* \@twocolumnfalse
* \@twosidefalse
* \@mparswitchfalse
* \@reversemarginfalse
* (1in=72.27pt=25.4mm, 1cm=28.453pt)

("C:\Program Files (x86)\MiKTeX 2.9\tex\context\base\supp-pdf.mkii"
[Loading MPS to PDF converter (version 2006.09.02).]
\scratchcounter=\count104
\scratchdimen=\dimen122
\scratchbox=\box28
\nofMPsegments=\count105
\nofMParguments=\count106
\everyMPshowfont=\toks24
\MPscratchCnt=\count107
\MPscratchDim=\dimen123
\MPnumerator=\count108
\makeMPintoPDFobject=\count109
\everyMPtoPDFconversion=\toks25
) [1

{C:/ProgramData/MiKTeX/2.9/pdftex/config/pdftex.map}] [1]
Chapter 1.
LaTeX Font Info:    Try loading font information for OMS+cmr on input line 49.
("C:\Program Files (x86)\MiKTeX 2.9\tex\latex\base\omscmr.fd"
File: omscmr.fd 1999/05/25 v2.5h Standard LaTeX font definitions
)
LaTeX Font Info:    Font shape `OMS/cmr/m/n' in size <12> not available
(Font)              Font shape `OMS/cmsy/m/n' tried instead on input line 49.

Underfull \hbox (badness 10000) in paragraph at lines 54--55

 []

LaTeX Font Info:    Font shape `OMS/cmr/m/n' in size <8> not available
(Font)              Font shape `OMS/cmsy/m/n' tried instead on input line 56.

Underfull \hbox (badness 10000) in paragraph at lines 56--57

 []

[1

] <Diagram.png, id=19, 542.025pt x 377.15906pt>
File: Diagram.png Graphic file (type png)
 <use Diagram.png>
Package pdftex.def Info: Diagram.png used on input line 71.
(pdftex.def)             Requested size: 426.79134pt x 296.98555pt.


Package Fancyhdr Warning: \headheight is too small (12.0pt): 
 Make it at least 14.49998pt.
 We now make it that large for the rest of the document.
 This may cause the page layout to be inconsistent, however.

[2 <C:/Users/wsmith/Desktop/GroupD_Phase2Report_final/Diagram.png>]
Chapter 2.

Underfull \hbox (badness 10000) in paragraph at lines 83--86

 []

<DrugProfile.png, id=27, 1446.15282pt x 725.71124pt>
File: DrugProfile.png Graphic file (type png)
 <use DrugProfile.png>
Package pdftex.def Info: DrugProfile.png used on input line 102.
(pdftex.def)             Requested size: 426.79134pt x 214.17154pt.

[3

] [4 <C:/Users/wsmith/Desktop/GroupD_Phase2Report_final/DrugProfile.png>]
<dosesweep.png, id=39, 1233.85968pt x 699.36281pt>
File: dosesweep.png Graphic file (type png)
 <use dosesweep.png>
Package pdftex.def Info: dosesweep.png used on input line 137.
(pdftex.def)             Requested size: 452.96826pt x 256.74329pt.

<drug_t0_6p5_scissored.pdf, id=40, 412.54124pt x 362.35374pt>
File: drug_t0_6p5_scissored.pdf Graphic file (type pdf)

<use drug_t0_6p5_scissored.pdf>
Package pdftex.def Info: drug_t0_6p5_scissored.pdf used on input line 147.
(pdftex.def)             Requested size: 239.26149pt x 210.1543pt.

Overfull \hbox (12.77736pt too wide) in paragraph at lines 147--148
[][] 
 []

<drug_t0_5p4_scissored.pdf, id=41, 403.5075pt x 387.4475pt>
File: drug_t0_5p4_scissored.pdf Graphic file (type pdf)

<use drug_t0_5p4_scissored.pdf>
Package pdftex.def Info: drug_t0_5p4_scissored.pdf used on input line 150.
(pdftex.def)             Requested size: 233.46191pt x 224.16743pt.

Overfull \hbox (6.97778pt too wide) in paragraph at lines 150--151
[][] 
 []


Overfull \hbox (2.61108pt too wide) in paragraph at lines 146--152
[]$[]$ $[]$ 
 []

<drug_t0_4p8_scissored.pdf, id=42, 392.46625pt x 378.41376pt>
File: drug_t0_4p8_scissored.pdf Graphic file (type pdf)

<use drug_t0_4p8_scissored.pdf>
Package pdftex.def Info: drug_t0_4p8_scissored.pdf used on input line 154.
(pdftex.def)             Requested size: 230.30745pt x 222.06172pt.

Overfull \hbox (3.82332pt too wide) in paragraph at lines 154--155
[][] 
 []

<drug_t0_5p1_scissored.pdf, id=43, 400.49625pt x 368.37625pt>
File: drug_t0_5p1_scissored.pdf Graphic file (type pdf)

<use drug_t0_5p1_scissored.pdf>
Package pdftex.def Info: drug_t0_5p1_scissored.pdf used on input line 157.
(pdftex.def)             Requested size: 229.99632pt x 211.55455pt.

Overfull \hbox (3.51219pt too wide) in paragraph at lines 157--158
[][] 
 []


Overfull \hbox (2.61108pt too wide) in paragraph at lines 153--159
[]$[]$ $[]$ 
 []


LaTeX Warning: `!h' float specifier changed to `!ht'.


Underfull \hbox (badness 10000) in paragraph at lines 166--167

 []

[5 <C:/Users/wsmith/Desktop/GroupD_Phase2Report_final/dosesweep.png>] [6 <C:/Us
ers/wsmith/Desktop/GroupD_Phase2Report_final/drug_t0_6p5_scissored.pdf> <C:/Use
rs/wsmith/Desktop/GroupD_Phase2Report_final/drug_t0_5p4_scissored.pdf> <C:/User
s/wsmith/Desktop/GroupD_Phase2Report_final/drug_t0_4p8_scissored.pdf> <C:/Users
/wsmith/Desktop/GroupD_Phase2Report_final/drug_t0_5p1_scissored.pdf>] [7]
[8]
LaTeX Font Info:    Font shape `OMS/cmr/bx/n' in size <10> not available
(Font)              Font shape `OMS/cmsy/b/n' tried instead on input line 239.

Overfull \hbox (8.26157pt too wide) in paragraph at lines 241--242
\OT1/cmr/m/n/12 with an ex-tra in-put, de-scrib-ing the na-ture of the dif-fu-s
ion co-ef-fi-cient $\OML/cmm/m/it/12 G\OT1/cmr/m/n/12 (\OML/cmm/m/it/12 X\OT1/c
mr/m/n/12 (\OML/cmm/m/it/12 t\OT1/cmr/m/n/12 ))$. \OT1/cmtt/m/n/12 sdesolver()
 []

[9] [10] <Resurgance_scissored.pdf, id=78, 322.20375pt x 633.36626pt>
File: Resurgance_scissored.pdf Graphic file (type pdf)

<use Resurgance_scissored.pdf>
Package pdftex.def Info: Resurgance_scissored.pdf used on input line 291.
(pdftex.def)             Requested size: 341.43306pt x 671.19109pt.

Underfull \hbox (badness 2600) in paragraph at lines 293--293
[]\OT1/cmr/m/n/12 Figure 2.4: Out-puts for V, A and S against time, us-ing the 
de-fault GUI
 []


Underfull \hbox (badness 5189) in paragraph at lines 293--293
\OT1/cmr/m/n/12 pa-ram-e-ter set and \OT1/cmtt/m/n/12 sderatesolver()\OT1/cmr/m
/n/12 , with \OT1/cmtt/m/n/12 NoiseParameters.VNoise = 5 \OT1/cmr/m/n/12 and
 []


LaTeX Warning: Float too large for page by 37.18385pt on input line 295.

(C:\Users\wsmith\Desktop\GroupD_Phase2Report_final\HolyGrail.bbl [11] [12 <C:/U
sers/wsmith/Desktop/GroupD_Phase2Report_final/Resurgance_scissored.pdf>]
[13

]) [14] (C:\Users\wsmith\Desktop\GroupD_Phase2Report_final\HolyGrail.aux) ) 
Here is how much of TeX's memory you used:
 2557 strings out of 493921
 34123 string characters out of 3144873
 99900 words of memory out of 3000000
 5826 multiletter control sequences out of 15000+200000
 13864 words of font info for 50 fonts, out of 3000000 for 9000
 841 hyphenation exceptions out of 8191
 27i,12n,43p,1266b,270s stack positions out of 5000i,500n,10000p,200000b,50000s
<C:/
Program Files (x86)/MiKTeX 2.9/fonts/type1/public/amsfonts/cm/cmbsy10.pfb><C:/P
rogram Files (x86)/MiKTeX 2.9/fonts/type1/public/amsfonts/cm/cmbx12.pfb><C:/Pro
gram Files (x86)/MiKTeX 2.9/fonts/type1/public/amsfonts/cm/cmbx7.pfb><C:/Progra
m Files (x86)/MiKTeX 2.9/fonts/type1/public/amsfonts/cm/cmex10.pfb><C:/Program 
Files (x86)/MiKTeX 2.9/fonts/type1/public/amsfonts/cm/cmmi12.pfb><C:/Program Fi
les (x86)/MiKTeX 2.9/fonts/type1/public/amsfonts/cm/cmmi6.pfb><C:/Program Files
 (x86)/MiKTeX 2.9/fonts/type1/public/amsfonts/cm/cmmi8.pfb><C:/Program Files (x
86)/MiKTeX 2.9/fonts/type1/public/amsfonts/cm/cmr10.pfb><C:/Program Files (x86)
/MiKTeX 2.9/fonts/type1/public/amsfonts/cm/cmr12.pfb><C:/Program Files (x86)/Mi
KTeX 2.9/fonts/type1/public/amsfonts/cm/cmr17.pfb><C:/Program Files (x86)/MiKTe
X 2.9/fonts/type1/public/amsfonts/cm/cmr6.pfb><C:/Program Files (x86)/MiKTeX 2.
9/fonts/type1/public/amsfonts/cm/cmr7.pfb><C:/Program Files (x86)/MiKTeX 2.9/fo
nts/type1/public/amsfonts/cm/cmr8.pfb><C:/Program Files (x86)/MiKTeX 2.9/fonts/
type1/public/amsfonts/cm/cmsy10.pfb><C:/Program Files (x86)/MiKTeX 2.9/fonts/ty
pe1/public/amsfonts/cm/cmsy8.pfb><C:/Program Files (x86)/MiKTeX 2.9/fonts/type1
/public/amsfonts/cm/cmti12.pfb><C:/Program Files (x86)/MiKTeX 2.9/fonts/type1/p
ublic/amsfonts/cm/cmtt12.pfb>
Output written on HolyGrail.pdf (16 pages, 359885 bytes).
PDF statistics:
 148 PDF objects out of 1000 (max. 8388607)
 0 named destinations out of 1000 (max. 500000)
 41 words of extra memory for PDF output out of 10000 (max. 10000000)

